<?xml version="1.0" encoding="UTF-8"?>
<!-- Generated by org.testng.reporters.JUnitReportReporter -->
<testsuite hostname="DESKTOP-0HKINFM" failures="0" tests="3" name="org.ictkerala.testcases.LoginPageTest" time="22.947" errors="0" timestamp="2023-09-28T09:38:24 IST" skipped="0">
  <testcase classname="org.ictkerala.testcases.LoginPageTest" name="validLogin" time="7.132"/>
  <testcase classname="org.ictkerala.testcases.LoginPageTest" name="validEmailInvalidPassword" time="7.344"/>
  <testcase classname="org.ictkerala.testcases.LoginPageTest" name="Logout" time="8.471"/>
</testsuite> <!-- org.ictkerala.testcases.LoginPageTest -->
