<?xml version="1.0" encoding="UTF-8"?>
<!-- Generated by org.testng.reporters.JUnitReportReporter -->
<testsuite hostname="DESKTOP-0HKINFM" failures="0" tests="3" name="org.ictkerala.testcases.FacLoginPageTest" time="22.993" errors="0" timestamp="2023-09-28T09:38:24 IST" skipped="0">
  <testcase classname="org.ictkerala.testcases.FacLoginPageTest" name="validLogin" time="7.382"/>
  <testcase classname="org.ictkerala.testcases.FacLoginPageTest" name="validEmailInvalidPassword" time="7.299"/>
  <testcase classname="org.ictkerala.testcases.FacLoginPageTest" name="Logout" time="8.312"/>
</testsuite> <!-- org.ictkerala.testcases.FacLoginPageTest -->
