<?xml version="1.0" encoding="UTF-8"?>
<!-- Generated by org.testng.reporters.JUnitReportReporter -->
<testsuite hostname="DESKTOP-0HKINFM" failures="0" tests="1" name="org.ictkerala.testcases.AdmDashbdPageTest" time="14.574" errors="0" timestamp="2023-09-28T12:59:42 IST" skipped="0">
  <testcase classname="org.ictkerala.testcases.AdmDashbdPageTest" name="verifyCreateReqt" time="14.574"/>
</testsuite> <!-- org.ictkerala.testcases.AdmDashbdPageTest -->
