<?xml version="1.0" encoding="UTF-8"?>
<!-- Generated by org.testng.reporters.JUnitReportReporter -->
<testsuite hostname="DESKTOP-0HKINFM" failures="0" tests="3" name="org.ictkerala.testcases.LoginPageTest" time="91.388" errors="0" timestamp="2023-09-26T21:35:31 IST" skipped="0">
  <testcase classname="org.ictkerala.testcases.LoginPageTest" name="validLogin" time="29.807"/>
  <testcase classname="org.ictkerala.testcases.LoginPageTest" name="validEmailInvalidPassword" time="33.089"/>
  <testcase classname="org.ictkerala.testcases.LoginPageTest" name="Logout" time="28.492"/>
</testsuite> <!-- org.ictkerala.testcases.LoginPageTest -->
