<?xml version="1.0" encoding="UTF-8"?>
<!-- Generated by org.testng.reporters.JUnitReportReporter -->
<testsuite hostname="DESKTOP-0HKINFM" failures="0" tests="6" name="org.ictkerala.testcases.LoginPageTest" time="68.859" errors="0" timestamp="2023-09-30T17:12:58 IST" skipped="0">
  <testcase classname="org.ictkerala.testcases.LoginPageTest" name="admValidLogin" time="23.872"/>
  <testcase classname="org.ictkerala.testcases.LoginPageTest" name="admValEmailInvalPass" time="7.924"/>
  <testcase classname="org.ictkerala.testcases.LoginPageTest" name="admLogout" time="10.428"/>
  <testcase classname="org.ictkerala.testcases.LoginPageTest" name="facValidLogin" time="8.445"/>
  <testcase classname="org.ictkerala.testcases.LoginPageTest" name="facValEmailInvalPass" time="7.392"/>
  <testcase classname="org.ictkerala.testcases.LoginPageTest" name="facLogout" time="10.798"/>
</testsuite> <!-- org.ictkerala.testcases.LoginPageTest -->
