<?xml version="1.0" encoding="UTF-8"?>
<!-- Generated by org.testng.reporters.JUnitReportReporter -->
<testsuite hostname="DESKTOP-0HKINFM" failures="0" tests="1" name="org.ictkerala.testcases.FacDashbdPageTest" time="14.745" errors="0" timestamp="2023-09-30T17:12:58 IST" skipped="0">
  <testcase classname="org.ictkerala.testcases.FacDashbdPageTest" name="SearchEditReqt" time="14.745"/>
</testsuite> <!-- org.ictkerala.testcases.FacDashbdPageTest -->
