<?xml version="1.0" encoding="UTF-8"?>
<!-- Generated by org.testng.reporters.JUnitReportReporter -->
<testsuite hostname="DESKTOP-0HKINFM" failures="0" tests="1" name="org.ictkerala.testcases.AddReqPageTest" time="13.191" errors="0" timestamp="2023-09-28T12:52:23 IST" skipped="0">
  <testcase classname="org.ictkerala.testcases.AddReqPageTest" name="verifyCreateReqt" time="13.191"/>
</testsuite> <!-- org.ictkerala.testcases.AddReqPageTest -->
